CRITICAL - 2023-05-28 07:24:47 --> Call to undefined function App\Controllers\viwe()
in APPPATH\Controllers\Admin.php on line 17.
 1 SYSTEMPATH\CodeIgniter.php(934): App\Controllers\Admin->index()
 2 SYSTEMPATH\CodeIgniter.php(499): CodeIgniter\CodeIgniter->runController()
 3 SYSTEMPATH\CodeIgniter.php(368): CodeIgniter\CodeIgniter->handleRequest()
 4 FCPATH\index.php(67): CodeIgniter\CodeIgniter->run()
 5 SYSTEMPATH\Commands\Server\rewrite.php(47): require_once('C:\\Mukhlis File\\my-app\\e-absen\\public\\index.php')
CRITICAL - 2023-05-28 07:25:41 --> Call to undefined function App\Controllers\viwe()
in APPPATH\Controllers\Admin.php on line 17.
 1 SYSTEMPATH\CodeIgniter.php(934): App\Controllers\Admin->index()
 2 SYSTEMPATH\CodeIgniter.php(499): CodeIgniter\CodeIgniter->runController()
 3 SYSTEMPATH\CodeIgniter.php(368): CodeIgniter\CodeIgniter->handleRequest()
 4 FCPATH\index.php(67): CodeIgniter\CodeIgniter->run()
 5 SYSTEMPATH\Commands\Server\rewrite.php(47): require_once('C:\\Mukhlis File\\my-app\\e-absen\\public\\index.php')
CRITICAL - 2023-05-28 07:25:42 --> Call to undefined function App\Controllers\viwe()
in APPPATH\Controllers\Admin.php on line 17.
 1 SYSTEMPATH\CodeIgniter.php(934): App\Controllers\Admin->index()
 2 SYSTEMPATH\CodeIgniter.php(499): CodeIgniter\CodeIgniter->runController()
 3 SYSTEMPATH\CodeIgniter.php(368): CodeIgniter\CodeIgniter->handleRequest()
 4 FCPATH\index.php(67): CodeIgniter\CodeIgniter->run()
 5 SYSTEMPATH\Commands\Server\rewrite.php(47): require_once('C:\\Mukhlis File\\my-app\\e-absen\\public\\index.php')
CRITICAL - 2023-05-28 07:25:42 --> Call to undefined function App\Controllers\viwe()
in APPPATH\Controllers\Admin.php on line 17.
 1 SYSTEMPATH\CodeIgniter.php(934): App\Controllers\Admin->index()
 2 SYSTEMPATH\CodeIgniter.php(499): CodeIgniter\CodeIgniter->runController()
 3 SYSTEMPATH\CodeIgniter.php(368): CodeIgniter\CodeIgniter->handleRequest()
 4 FCPATH\index.php(67): CodeIgniter\CodeIgniter->run()
 5 SYSTEMPATH\Commands\Server\rewrite.php(47): require_once('C:\\Mukhlis File\\my-app\\e-absen\\public\\index.php')
CRITICAL - 2023-05-28 07:25:42 --> Call to undefined function App\Controllers\viwe()
in APPPATH\Controllers\Admin.php on line 17.
 1 SYSTEMPATH\CodeIgniter.php(934): App\Controllers\Admin->index()
 2 SYSTEMPATH\CodeIgniter.php(499): CodeIgniter\CodeIgniter->runController()
 3 SYSTEMPATH\CodeIgniter.php(368): CodeIgniter\CodeIgniter->handleRequest()
 4 FCPATH\index.php(67): CodeIgniter\CodeIgniter->run()
 5 SYSTEMPATH\Commands\Server\rewrite.php(47): require_once('C:\\Mukhlis File\\my-app\\e-absen\\public\\index.php')
CRITICAL - 2023-05-28 07:25:43 --> Call to undefined function App\Controllers\viwe()
in APPPATH\Controllers\Admin.php on line 17.
 1 SYSTEMPATH\CodeIgniter.php(934): App\Controllers\Admin->index()
 2 SYSTEMPATH\CodeIgniter.php(499): CodeIgniter\CodeIgniter->runController()
 3 SYSTEMPATH\CodeIgniter.php(368): CodeIgniter\CodeIgniter->handleRequest()
 4 FCPATH\index.php(67): CodeIgniter\CodeIgniter->run()
 5 SYSTEMPATH\Commands\Server\rewrite.php(47): require_once('C:\\Mukhlis File\\my-app\\e-absen\\public\\index.php')
CRITICAL - 2023-05-28 07:25:43 --> Call to undefined function App\Controllers\viwe()
in APPPATH\Controllers\Admin.php on line 17.
 1 SYSTEMPATH\CodeIgniter.php(934): App\Controllers\Admin->index()
 2 SYSTEMPATH\CodeIgniter.php(499): CodeIgniter\CodeIgniter->runController()
 3 SYSTEMPATH\CodeIgniter.php(368): CodeIgniter\CodeIgniter->handleRequest()
 4 FCPATH\index.php(67): CodeIgniter\CodeIgniter->run()
 5 SYSTEMPATH\Commands\Server\rewrite.php(47): require_once('C:\\Mukhlis File\\my-app\\e-absen\\public\\index.php')
CRITICAL - 2023-05-28 07:26:07 --> Call to undefined function App\Controllers\viwe()
in APPPATH\Controllers\Admin.php on line 17.
 1 SYSTEMPATH\CodeIgniter.php(934): App\Controllers\Admin->index()
 2 SYSTEMPATH\CodeIgniter.php(499): CodeIgniter\CodeIgniter->runController()
 3 SYSTEMPATH\CodeIgniter.php(368): CodeIgniter\CodeIgniter->handleRequest()
 4 FCPATH\index.php(67): CodeIgniter\CodeIgniter->run()
 5 SYSTEMPATH\Commands\Server\rewrite.php(47): require_once('C:\\Mukhlis File\\my-app\\e-absen\\public\\index.php')
CRITICAL - 2023-05-28 10:10:21 --> Array to string conversion
in APPPATH\Controllers\Home.php on line 13.
 1 APPPATH\Controllers\Home.php(13): CodeIgniter\Debug\Exceptions->errorHandler()
 2 SYSTEMPATH\CodeIgniter.php(934): App\Controllers\Home->index()
 3 SYSTEMPATH\CodeIgniter.php(499): CodeIgniter\CodeIgniter->runController()
 4 SYSTEMPATH\CodeIgniter.php(368): CodeIgniter\CodeIgniter->handleRequest()
 5 FCPATH\index.php(67): CodeIgniter\CodeIgniter->run()
 6 SYSTEMPATH\Commands\Server\rewrite.php(47): require_once('C:\\Mukhlis File\\my-app\\e-absen\\public\\index.php')
CRITICAL - 2023-05-28 22:57:29 --> Invalid file: "v_dashboard.php"
in SYSTEMPATH\Exceptions\FrameworkException.php on line 33.
 1 SYSTEMPATH\View\View.php(201): CodeIgniter\Exceptions\FrameworkException::forInvalidFile()
 2 SYSTEMPATH\Common.php(1184): CodeIgniter\View\View->render()
 3 APPPATH\Views\v_template_back.php(324): view()
 4 SYSTEMPATH\View\View.php(213): include('C:\\Mukhlis File\\my-app\\e-absen\\app\\Views\\v_template_back.php')
 5 SYSTEMPATH\View\View.php(216): CodeIgniter\View\View->CodeIgniter\View\{closure}()
 6 SYSTEMPATH\Common.php(1184): CodeIgniter\View\View->render()
 7 APPPATH\Controllers\Admin.php(17): view()
 8 SYSTEMPATH\CodeIgniter.php(934): App\Controllers\Admin->index()
 9 SYSTEMPATH\CodeIgniter.php(499): CodeIgniter\CodeIgniter->runController()
10 SYSTEMPATH\CodeIgniter.php(368): CodeIgniter\CodeIgniter->handleRequest()
11 FCPATH\index.php(67): CodeIgniter\CodeIgniter->run()
12 SYSTEMPATH\Commands\Server\rewrite.php(47): require_once('C:\\Mukhlis File\\my-app\\e-absen\\public\\index.php')
